[31mERRO[0m[2024-07-27T20:28:05+05:00]handler.go:59 github.com/Fox1N69/bot-task/handler.(*Handler).HandleStart() Failed to send message: Bad Request: field "inline_keyboard" must be of type Array 
[31mERRO[0m[2024-07-27T20:29:09+05:00]handler.go:64 github.com/Fox1N69/bot-task/handler.(*Handler).HandleStart() Failed to send message: Bad Request: field "inline_keyboard" must be of type Array 
[31mERRO[0m[2024-07-27T20:30:29+05:00]handler.go:63 github.com/Fox1N69/bot-task/handler.(*Handler).HandleStart() Failed to send message: Bad Request: field "inline_keyboard" must be of type Array 
[31mERRO[0m[2024-07-27T20:33:15+05:00]handler.go:73 github.com/Fox1N69/bot-task/handler.(*Handler).HandleCallback() Failed to get button: record not found       
[31mERRO[0m[2024-07-27T20:33:17+05:00]handler.go:73 github.com/Fox1N69/bot-task/handler.(*Handler).HandleCallback() Failed to get button: record not found       
[31mERRO[0m[2024-07-27T20:33:18+05:00]handler.go:73 github.com/Fox1N69/bot-task/handler.(*Handler).HandleCallback() Failed to get button: record not found       
[31mERRO[0m[2024-07-27T20:37:50+05:00]handler.go:73 github.com/Fox1N69/bot-task/handler.(*Handler).HandleCallback() Failed to get button: record not found       
[31mERRO[0m[2024-07-27T20:38:02+05:00]handler.go:73 github.com/Fox1N69/bot-task/handler.(*Handler).HandleCallback() Failed to get button: record not found       
[31mERRO[0m[2024-07-27T21:01:29+05:00]handler.go:90 github.com/Fox1N69/bot-task/handler.(*Handler).HandleCallback() Failed to check subscription: Bad Request: chat not found 
[31mERRO[0m[2024-07-27T21:04:25+05:00]handler.go:90 github.com/Fox1N69/bot-task/handler.(*Handler).HandleCallback() Failed to check subscription: Bad Request: chat not found 
[31mERRO[0m[2024-07-27T21:04:43+05:00]handler.go:90 github.com/Fox1N69/bot-task/handler.(*Handler).HandleCallback() Failed to check subscription: Bad Request: chat not found 
[31mERRO[0m[2024-07-27T21:07:58+05:00]handler.go:90 github.com/Fox1N69/bot-task/handler.(*Handler).HandleCallback() Failed to check subscription: Bad Request: chat not found 
[31mERRO[0m[2024-07-27T21:08:49+05:00]handler.go:90 github.com/Fox1N69/bot-task/handler.(*Handler).HandleCallback() Failed to check subscription: Bad Request: chat not found 
[31mERRO[0m[2024-07-27T21:28:40+05:00]handler.go:94 github.com/Fox1N69/bot-task/handler.(*Handler).handleTelegramSubscription() Failed to check subscription: Bad Request: chat not found 
[31mERRO[0m[2024-07-27T22:12:45+05:00]handler.go:269 github.com/Fox1N69/bot-task/handler.(*Handler).processWalletConnection() Failed connect to the wallet: Post "/tonconnect-manifest.json/connect_wallet": unsupported protocol scheme "" 
[31mERRO[0m[2024-07-27T22:12:45+05:00]handler.go:215 github.com/Fox1N69/bot-task/handler.(*Handler).handleWalletConnection() Failed to process wallet connection: Post "/tonconnect-manifest.json/connect_wallet": unsupported protocol scheme "" 
[31mERRO[0m[2024-07-27T22:17:48+05:00]handler.go:269 github.com/Fox1N69/bot-task/handler.(*Handler).processWalletConnection() Failed connect to the wallet: unexpected status: 404 Not Found 
[31mERRO[0m[2024-07-27T22:17:48+05:00]handler.go:215 github.com/Fox1N69/bot-task/handler.(*Handler).handleWalletConnection() Failed to process wallet connection: unexpected status: 404 Not Found 
[31mERRO[0m[2024-07-28T23:10:37+05:00]handler.go:211 github.com/Fox1N69/bot-task/handler.(*Handler).handleWalletConnection() Failed to process wallet connection: open : no such file or directory 
[31mERRO[0m[2024-07-28T23:13:03+05:00]handler.go:211 github.com/Fox1N69/bot-task/handler.(*Handler).handleWalletConnection() Failed to process wallet connection: open /tonconnect-manifest.json: no such file or directory 
[31mERRO[0m[2024-07-28T23:14:05+05:00]handler.go:211 github.com/Fox1N69/bot-task/handler.(*Handler).handleWalletConnection() Failed to process wallet connection: invalid character '<' looking for beginning of value 
[31mERRO[0m[2024-07-28T23:15:03+05:00]handler.go:211 github.com/Fox1N69/bot-task/handler.(*Handler).handleWalletConnection() Failed to process wallet connection: invalid character '<' looking for beginning of value 
[31mERRO[0m[2024-07-28T23:39:11+05:00]handler.go:211 github.com/Fox1N69/bot-task/handler.(*Handler).handleWalletConnection() Failed to process wallet connection: invalid character '<' looking for beginning of value 
[31mERRO[0m[2024-07-28T23:43:19+05:00]handler.go:267 github.com/Fox1N69/bot-task/handler.(*Handler).processWalletConnection() Error retrieving connector: invalid character '<' looking for beginning of value 
[31mERRO[0m[2024-07-28T23:43:19+05:00]handler.go:211 github.com/Fox1N69/bot-task/handler.(*Handler).handleWalletConnection() Failed to process wallet connection: invalid character '<' looking for beginning of value 
[31mERRO[0m[2024-07-28T23:44:21+05:00]handler.go:267 github.com/Fox1N69/bot-task/handler.(*Handler).processWalletConnection() Error retrieving connector: Get "https://api.example.com/connector?chat_id=2232": dial tcp: lookup api.example.com: no such host 
[31mERRO[0m[2024-07-28T23:44:21+05:00]handler.go:213 github.com/Fox1N69/bot-task/handler.(*Handler).handleWalletConnection() Failed to process wallet connection: Get "https://api.example.com/connector?chat_id=2232": dial tcp: lookup api.example.com: no such host 
[31mERRO[0m[2024-07-28T23:46:14+05:00]handler.go:264 github.com/Fox1N69/bot-task/handler.(*Handler).processWalletConnection() Failed init connect: invalid character '<' looking for beginning of value 
[31mERRO[0m[2024-07-28T23:46:14+05:00]handler.go:211 github.com/Fox1N69/bot-task/handler.(*Handler).handleWalletConnection() Failed to process wallet connection: invalid character '<' looking for beginning of value 
[31mERRO[0m[2024-07-28T23:58:06+05:00]handler.go:269 github.com/Fox1N69/bot-task/handler.(*Handler).processWalletConnection() failed get config from file                  
[31mERRO[0m[2024-07-28T23:58:06+05:00]handler.go:214 github.com/Fox1N69/bot-task/handler.(*Handler).handleWalletConnection() Failed to process wallet connection: open tonconnect-minifest.json: no such file or directory 
[31mERRO[0m[2024-07-29T00:00:47+05:00]handler.go:274 github.com/Fox1N69/bot-task/handler.(*Handler).processWalletConnection() failed add connection                        
[31mERRO[0m[2024-07-29T00:00:47+05:00]handler.go:214 github.com/Fox1N69/bot-task/handler.(*Handler).handleWalletConnection() Failed to process wallet connection: no connections established 
